<?xml version="1.0" encoding="UTF-8"?>
<!-- Generated by org.testng.reporters.JUnitReportReporter -->
<testsuite hostname="Laxman-HP" failures="0" tests="3" name="com.beth.demoProject1.TestClass1" time="24.839" errors="0" timestamp="2020-05-15T08:51:34 CDT" skipped="0">
  <testcase classname="com.beth.demoProject1.TestClass1" name="test1" time="7.790"/>
  <system-out/>
  <testcase classname="com.beth.demoProject1.TestClass1" name="test3" time="8.095"/>
  <system-out/>
  <testcase classname="com.beth.demoProject1.TestClass1" name="test2" time="8.954"/>
  <system-out/>
</testsuite> <!-- com.beth.demoProject1.TestClass1 -->
